<?xml version="1.0" encoding="UTF-8"?>
<!-- Generated by org.testng.reporters.JUnitReportReporter -->
<testsuite hostname="DESKTOP-A8PUSH6" failures="0" tests="1" name="TestCaseFile.TestCaseF" time="6.512" errors="0" timestamp="2024-04-29T14:41:30 IST" skipped="0">
  <testcase classname="TestCaseFile.TestCaseF" name="openBrowser" time="6.512"/>
</testsuite> <!-- TestCaseFile.TestCaseF -->
